Arguments: 
  /usr/bin/node /usr/local/bin/yarn add howler.js

PATH: 
  /home/marin/.local/bin:/usr/local/sbin:/usr/local/bin:/usr/sbin:/usr/bin:/sbin:/bin:/usr/games:/usr/local/games:/mnt/c/Program Files (x86)/VMware/VMware Player/bin/:/mnt/c/Program Files (x86)/Common Files/Intel/Shared Libraries/redist/intel64/compiler:/mnt/c/Program Files (x86)/Common Files/Oracle/Java/javapath:/mnt/c/Windows/system32:/mnt/c/Windows:/mnt/c/Windows/System32/Wbem:/mnt/c/Windows/System32/WindowsPowerShell/v1.0/:/mnt/c/Windows/System32/OpenSSH/:/mnt/c/Program Files (x86)/NVIDIA Corporation/PhysX/Common:/mnt/c/Program Files/dotnet/:/mnt/c/Program Files/Microsoft SQL Server/130/Tools/Binn/:/mnt/c/Program Files/Microsoft SQL Server/Client SDK/ODBC/170/Tools/Binn/:/mnt/c/Program Files (x86)/Incredibuild:/mnt/c/Users/Marin/AppData/Local/Packages/PythonSoftwareFoundation.Python.3.9_qbz5n2kfra8p0/LocalCache/local-packages/Python39/Scripts:/mnt/c/Program Files/Common Files/Autodesk Shared/:/mnt/c/Program Files (x86)/Autodesk/Backburner/:/mnt/c/Program Files/Git/cmd:/mnt/c/ProgramData/chocolatey/bin:/mnt/c/Program Files/MySQL/MySQL Shell 8.0/bin/:/mnt/c/Users/Marin/AppData/Local/Microsoft/WindowsApps:/mnt/c/Users/Marin/.dotnet/tools:/mnt/c/Users/Marin/AppData/Local/Programs/Microsoft VS Code/bin:/mnt/c/Program Files/JetBrains/WebStorm 2021.1.1/bin:/mnt/c/Users/Marin/AppData/Local/atom/bin:/mnt/c/Program Files/Java/jdk-12.0.2/bin:/mnt/c/Program Files/JetBrains/IntelliJ IDEA 2021.1.3/bin:/mnt/c/Users/Marin/AppData/Local/Programs/EmEditor:/mnt/c/Program Files/JetBrains/WebStorm 2020.1/bin:/mnt/c/tools/dart-sdk/bin:/mnt/c/Users/Marin/AppData/Roaming/Pub/Cache/bin:/mnt/c/Users/Marin/.dotnet/tools:/snap/bin

Yarn version: 
  1.22.15

Node version: 
  10.19.0

Platform: 
  linux x64

Trace: 
  Error: https://registry.yarnpkg.com/howler.js: Not found
      at Request.params.callback [as _callback] (/usr/local/lib/node_modules/yarn/lib/cli.js:66140:18)
      at Request.self.callback (/usr/local/lib/node_modules/yarn/lib/cli.js:140885:22)
      at Request.emit (events.js:198:13)
      at Request.<anonymous> (/usr/local/lib/node_modules/yarn/lib/cli.js:141857:10)
      at Request.emit (events.js:198:13)
      at IncomingMessage.<anonymous> (/usr/local/lib/node_modules/yarn/lib/cli.js:141779:12)
      at Object.onceWrapper (events.js:286:20)
      at IncomingMessage.emit (events.js:203:15)
      at endReadableNT (_stream_readable.js:1145:12)
      at process._tickCallback (internal/process/next_tick.js:63:19)

npm manifest: 
  {
    "name": "01-cards-sources",
    "version": "1.0.0",
    "description": "",
    "main": "index.html",
    "scripts": {
      "test": "echo \"Error: no test specified\" && exit 1"
    },
    "author": "marin",
    "license": "ISC",
    "dependencies": {
      "yarn": "^1.22.15"
    }
  }

yarn manifest: 
  No manifest

Lockfile: 
  # THIS IS AN AUTOGENERATED FILE. DO NOT EDIT THIS FILE DIRECTLY.
  # yarn lockfile v1
  
  
  yarn@^1.22.15:
    version "1.22.15"
    resolved "https://registry.yarnpkg.com/yarn/-/yarn-1.22.15.tgz#3431d5f134d3c752a57a9dd7f5e1167627ca3cc3"
    integrity sha512-AzoEDxj256BOS/jqDXA3pjyhmi4FRBBUMgYoTHI4EIt2EhREkvH0soPVEtnD+DQIJfU5R9bKhcZ1H9l8zPWeoA==
